2025-10-16 02:29:04,667 - INFO - 
======================================================================
2025-10-16 02:29:04,667 - INFO - VINTED SCRAPER v2.0 - CATEGORY-WIDE MODE
2025-10-16 02:29:04,668 - INFO - ======================================================================
2025-10-16 02:29:04,668 - INFO - Started at: 2025-10-16 02:29:04
2025-10-16 02:29:04,668 - INFO - [WEB] Using User-Agent: Mozilla/5.0 (Macintosh; Intel Mac OS X 10_15_7) AppleWebKit/...
2025-10-16 02:29:04,668 - INFO - [CONFIG] Strategy: 4 combos configured
2025-10-16 02:29:05,293 - INFO - [INIT] Loading homepage to capture cookies...
2025-10-16 02:29:13,573 - INFO - [OK] Cookies captured: 1
2025-10-16 02:29:13,573 - INFO - 
======================================================================
2025-10-16 02:29:13,573 - INFO - [1/4] SCRAPING COMBO
2025-10-16 02:29:13,573 - INFO - ======================================================================
2025-10-16 02:29:13,573 - INFO - [CATEGORIES] Category: Dresses
2025-10-16 02:29:13,573 - INFO - [AUDIENCE] Audience: Women
2025-10-16 02:29:13,574 - INFO - [TOP 15 BRANDS]  Brand: ALL BRANDS
2025-10-16 02:29:13,574 - INFO - [TOTAL] Order: newest_first
2025-10-16 02:29:13,574 - INFO - [PAGE] Max Pages: 10
2025-10-16 02:29:13,574 - INFO - ======================================================================
2025-10-16 02:29:13,574 - INFO - [PAGE] Page 1/10 - Attempt 1
2025-10-16 02:29:13,822 - ERROR - [ERROR] HTTP 403: <!doctype html>
<html lang="en">
<head>
  <meta charset="UTF-8">
  <title>Vinted</title>
  <style>
    * {
      box-sizing: border-box;
    }

    body {
      font-family: "Helvetica Neue","Helvetic
2025-10-16 02:29:13,823 - ERROR - [ERROR] Attempt 1 failed: HTTP 403
2025-10-16 02:29:13,823 - INFO - [WAIT] Retrying in 2.1s...
2025-10-16 02:29:15,879 - INFO - [PAGE] Page 1/10 - Attempt 2
2025-10-16 02:29:16,123 - ERROR - [ERROR] HTTP 403: <!doctype html>
<html lang="en">
<head>
  <meta charset="UTF-8">
  <title>Vinted</title>
  <style>
    * {
      box-sizing: border-box;
    }

    body {
      font-family: "Helvetica Neue","Helvetic
2025-10-16 02:29:16,124 - ERROR - [ERROR] Attempt 2 failed: HTTP 403
2025-10-16 02:29:16,124 - INFO - [WAIT] Retrying in 3.0s...
2025-10-16 02:29:19,149 - INFO - [PAGE] Page 1/10 - Attempt 3
2025-10-16 02:29:19,365 - ERROR - [ERROR] Attempt 3 failed: Execution context was destroyed, most likely because of a navigation
2025-10-16 02:29:19,366 - WARNING - [WARNING] All retries exhausted for page 1
2025-10-16 02:29:19,367 - INFO - [OK] Combo complete: 0 items from Dresses
2025-10-16 02:29:19,367 - INFO - [PAUSE]  Waiting 18.4s before next combo...
2025-10-16 02:29:37,730 - INFO - 
======================================================================
2025-10-16 02:29:37,730 - INFO - [2/4] SCRAPING COMBO
2025-10-16 02:29:37,731 - INFO - ======================================================================
2025-10-16 02:29:37,731 - INFO - [CATEGORIES] Category: Sneakers
2025-10-16 02:29:37,731 - INFO - [AUDIENCE] Audience: Men
2025-10-16 02:29:37,732 - INFO - [TOP 15 BRANDS]  Brand: ALL BRANDS
2025-10-16 02:29:37,732 - INFO - [TOTAL] Order: newest_first
2025-10-16 02:29:37,732 - INFO - [PAGE] Max Pages: 10
2025-10-16 02:29:37,732 - INFO - ======================================================================
2025-10-16 02:29:37,733 - INFO - [PAGE] Page 1/10 - Attempt 1
2025-10-16 02:29:37,999 - ERROR - [ERROR] HTTP 403: <!doctype html>
<html lang="en">
<head>
  <meta charset="UTF-8">
  <title>Vinted</title>
  <style>
    * {
      box-sizing: border-box;
    }

    body {
      font-family: "Helvetica Neue","Helvetic
2025-10-16 02:29:37,999 - ERROR - [ERROR] Attempt 1 failed: HTTP 403
2025-10-16 02:29:37,999 - INFO - [WAIT] Retrying in 1.3s...
2025-10-16 02:29:39,300 - INFO - [PAGE] Page 1/10 - Attempt 2
2025-10-16 02:29:39,551 - ERROR - [ERROR] HTTP 403: <!doctype html>
<html lang="en">
<head>
  <meta charset="UTF-8">
  <title>Vinted</title>
  <style>
    * {
      box-sizing: border-box;
    }

    body {
      font-family: "Helvetica Neue","Helvetic
2025-10-16 02:29:39,551 - ERROR - [ERROR] Attempt 2 failed: HTTP 403
2025-10-16 02:29:39,551 - INFO - [WAIT] Retrying in 3.0s...
2025-10-16 02:29:42,539 - INFO - [PAGE] Page 1/10 - Attempt 3
2025-10-16 02:29:42,793 - ERROR - [ERROR] HTTP 403: <!doctype html>
<html lang="en">
<head>
  <meta charset="UTF-8">
  <title>Vinted</title>
  <style>
    * {
      box-sizing: border-box;
    }

    body {
      font-family: "Helvetica Neue","Helvetic
2025-10-16 02:29:42,793 - ERROR - [ERROR] Attempt 3 failed: HTTP 403
2025-10-16 02:29:42,794 - WARNING - [WARNING] All retries exhausted for page 1
2025-10-16 02:29:42,794 - INFO - [OK] Combo complete: 0 items from Sneakers
2025-10-16 02:29:42,794 - INFO - [PAUSE]  Waiting 20.2s before next combo...
2025-10-16 02:30:03,012 - INFO - 
======================================================================
2025-10-16 02:30:03,012 - INFO - [3/4] SCRAPING COMBO
2025-10-16 02:30:03,012 - INFO - ======================================================================
2025-10-16 02:30:03,014 - INFO - [CATEGORIES] Category: Jeans
2025-10-16 02:30:03,014 - INFO - [AUDIENCE] Audience: Men
2025-10-16 02:30:03,014 - INFO - [TOP 15 BRANDS]  Brand: ALL BRANDS
2025-10-16 02:30:03,014 - INFO - [TOTAL] Order: newest_first
2025-10-16 02:30:03,014 - INFO - [PAGE] Max Pages: 8
2025-10-16 02:30:03,014 - INFO - ======================================================================
2025-10-16 02:30:03,014 - INFO - [PAGE] Page 1/8 - Attempt 1
2025-10-16 02:30:03,276 - ERROR - [ERROR] HTTP 403: <!doctype html>
<html lang="en">
<head>
  <meta charset="UTF-8">
  <title>Vinted</title>
  <style>
    * {
      box-sizing: border-box;
    }

    body {
      font-family: "Helvetica Neue","Helvetic
2025-10-16 02:30:03,277 - ERROR - [ERROR] Attempt 1 failed: HTTP 403
2025-10-16 02:30:03,277 - INFO - [WAIT] Retrying in 2.3s...
2025-10-16 02:30:05,587 - INFO - [PAGE] Page 1/8 - Attempt 2
2025-10-16 02:30:05,848 - ERROR - [ERROR] HTTP 403: <!doctype html>
<html lang="en">
<head>
  <meta charset="UTF-8">
  <title>Vinted</title>
  <style>
    * {
      box-sizing: border-box;
    }

    body {
      font-family: "Helvetica Neue","Helvetic
2025-10-16 02:30:05,849 - ERROR - [ERROR] Attempt 2 failed: HTTP 403
2025-10-16 02:30:05,849 - INFO - [WAIT] Retrying in 2.2s...
2025-10-16 02:30:08,016 - INFO - [PAGE] Page 1/8 - Attempt 3
2025-10-16 02:30:08,273 - ERROR - [ERROR] HTTP 403: <!doctype html>
<html lang="en">
<head>
  <meta charset="UTF-8">
  <title>Vinted</title>
  <style>
    * {
      box-sizing: border-box;
    }

    body {
      font-family: "Helvetica Neue","Helvetic
2025-10-16 02:30:08,273 - ERROR - [ERROR] Attempt 3 failed: HTTP 403
2025-10-16 02:30:08,273 - WARNING - [WARNING] All retries exhausted for page 1
2025-10-16 02:30:08,273 - INFO - [OK] Combo complete: 0 items from Jeans
2025-10-16 02:30:08,273 - INFO - [PAUSE]  Waiting 20.9s before next combo...
2025-10-16 02:30:29,189 - INFO - 
======================================================================
2025-10-16 02:30:29,189 - INFO - [4/4] SCRAPING COMBO
2025-10-16 02:30:29,189 - INFO - ======================================================================
2025-10-16 02:30:29,190 - INFO - [CATEGORIES] Category: T-shirt
2025-10-16 02:30:29,190 - INFO - [AUDIENCE] Audience: Men
2025-10-16 02:30:29,190 - INFO - [TOP 15 BRANDS]  Brand: ALL BRANDS
2025-10-16 02:30:29,190 - INFO - [TOTAL] Order: newest_first
2025-10-16 02:30:29,191 - INFO - [PAGE] Max Pages: 8
2025-10-16 02:30:29,191 - INFO - ======================================================================
2025-10-16 02:30:29,191 - INFO - [PAGE] Page 1/8 - Attempt 1
2025-10-16 02:30:29,444 - ERROR - [ERROR] HTTP 403: <!doctype html>
<html lang="en">
<head>
  <meta charset="UTF-8">
  <title>Vinted</title>
  <style>
    * {
      box-sizing: border-box;
    }

    body {
      font-family: "Helvetica Neue","Helvetic
2025-10-16 02:30:29,445 - ERROR - [ERROR] Attempt 1 failed: HTTP 403
2025-10-16 02:30:29,445 - INFO - [WAIT] Retrying in 3.0s...
2025-10-16 02:30:32,407 - INFO - [PAGE] Page 1/8 - Attempt 2
2025-10-16 02:30:32,658 - ERROR - [ERROR] HTTP 403: <!doctype html>
<html lang="en">
<head>
  <meta charset="UTF-8">
  <title>Vinted</title>
  <style>
    * {
      box-sizing: border-box;
    }

    body {
      font-family: "Helvetica Neue","Helvetic
2025-10-16 02:30:32,658 - ERROR - [ERROR] Attempt 2 failed: HTTP 403
2025-10-16 02:30:32,658 - INFO - [WAIT] Retrying in 2.7s...
2025-10-16 02:30:35,326 - INFO - [PAGE] Page 1/8 - Attempt 3
2025-10-16 02:30:35,606 - ERROR - [ERROR] HTTP 403: <!doctype html>
<html lang="en">
<head>
  <meta charset="UTF-8">
  <title>Vinted</title>
  <style>
    * {
      box-sizing: border-box;
    }

    body {
      font-family: "Helvetica Neue","Helvetic
2025-10-16 02:30:35,607 - ERROR - [ERROR] Attempt 3 failed: HTTP 403
2025-10-16 02:30:35,607 - WARNING - [WARNING] All retries exhausted for page 1
2025-10-16 02:30:35,607 - INFO - [OK] Combo complete: 0 items from T-shirt
2025-10-16 02:30:35,674 - ERROR - [ERROR] No data collected! Check logs for errors.
2025-10-16 02:30:35,675 - INFO - Ended at: 2025-10-16 02:30:35
